d:\documents\a18\log2410 conception logicielle\log2410\tp4depart\polyicone3d\x64\debug\vc141.pdb
d:\documents\a18\log2410 conception logicielle\log2410\tp4depart\polyicone3d\x64\debug\vc141.idb
d:\documents\a18\log2410 conception logicielle\log2410\tp4depart\polyicone3d\x64\debug\transformedobjet3d.obj
d:\documents\a18\log2410 conception logicielle\log2410\tp4depart\polyicone3d\x64\debug\tp4_test.obj
d:\documents\a18\log2410 conception logicielle\log2410\tp4depart\polyicone3d\x64\debug\sphere.obj
d:\documents\a18\log2410 conception logicielle\log2410\tp4depart\polyicone3d\x64\debug\polyicone3d.obj
d:\documents\a18\log2410 conception logicielle\log2410\tp4depart\polyicone3d\x64\debug\point3d.obj
d:\documents\a18\log2410 conception logicielle\log2410\tp4depart\polyicone3d\x64\debug\objet3dcomposite.obj
d:\documents\a18\log2410 conception logicielle\log2410\tp4depart\polyicone3d\x64\debug\cylinder.obj
d:\documents\a18\log2410 conception logicielle\log2410\tp4depart\polyicone3d\x64\debug\cube.obj
d:\documents\a18\log2410 conception logicielle\log2410\tp4depart\polyicone3d\x64\debug\primitiveabs.obj
d:\documents\a18\log2410 conception logicielle\log2410\tp4depart\polyicone3d\x64\debug\polyicone3d.ilk
d:\documents\a18\log2410 conception logicielle\log2410\tp4depart\polyicone3d\x64\debug\polyicone3d.exe
d:\documents\a18\log2410 conception logicielle\log2410\tp4depart\polyicone3d\x64\debug\polyicone3d.pdb
d:\documents\a18\log2410 conception logicielle\log2410\tp4depart\polyicone3d\x64\debug\polyicone3d.tlog\cl.command.1.tlog
d:\documents\a18\log2410 conception logicielle\log2410\tp4depart\polyicone3d\x64\debug\polyicone3d.tlog\cl.read.1.tlog
d:\documents\a18\log2410 conception logicielle\log2410\tp4depart\polyicone3d\x64\debug\polyicone3d.tlog\cl.write.1.tlog
d:\documents\a18\log2410 conception logicielle\log2410\tp4depart\polyicone3d\x64\debug\polyicone3d.tlog\link.command.1.tlog
d:\documents\a18\log2410 conception logicielle\log2410\tp4depart\polyicone3d\x64\debug\polyicone3d.tlog\link.read.1.tlog
d:\documents\a18\log2410 conception logicielle\log2410\tp4depart\polyicone3d\x64\debug\polyicone3d.tlog\link.write.1.tlog
