d:\documents\a18\log2410 conception logicielle\log2410\tp5\polyicone3d\x64\debug\vc141.pdb
d:\documents\a18\log2410 conception logicielle\log2410\tp5\polyicone3d\x64\debug\vc141.idb
d:\documents\a18\log2410 conception logicielle\log2410\tp5\polyicone3d\x64\debug\xmlprintcmd.obj
d:\documents\a18\log2410 conception logicielle\log2410\tp5\polyicone3d\x64\debug\visitorxmlwriter.obj
d:\documents\a18\log2410 conception logicielle\log2410\tp5\polyicone3d\x64\debug\visitorprimitiveselector.obj
d:\documents\a18\log2410 conception logicielle\log2410\tp5\polyicone3d\x64\debug\transformedobject3d.obj
d:\documents\a18\log2410 conception logicielle\log2410\tp5\polyicone3d\x64\debug\transformcmd.obj
d:\documents\a18\log2410 conception logicielle\log2410\tp5\polyicone3d\x64\debug\tp5_test.obj
d:\documents\a18\log2410 conception logicielle\log2410\tp5\polyicone3d\x64\debug\sphere.obj
d:\documents\a18\log2410 conception logicielle\log2410\tp5\polyicone3d\x64\debug\primitiveabs.obj
d:\documents\a18\log2410 conception logicielle\log2410\tp5\polyicone3d\x64\debug\polyicone3d.obj
d:\documents\a18\log2410 conception logicielle\log2410\tp5\polyicone3d\x64\debug\point3d.obj
d:\documents\a18\log2410 conception logicielle\log2410\tp5\polyicone3d\x64\debug\object3dvisitorabs.obj
d:\documents\a18\log2410 conception logicielle\log2410\tp5\polyicone3d\x64\debug\object3dcomposite.obj
d:\documents\a18\log2410 conception logicielle\log2410\tp5\polyicone3d\x64\debug\invoker.obj
d:\documents\a18\log2410 conception logicielle\log2410\tp5\polyicone3d\x64\debug\cylinder.obj
d:\documents\a18\log2410 conception logicielle\log2410\tp5\polyicone3d\x64\debug\cube.obj
d:\documents\a18\log2410 conception logicielle\log2410\tp5\polyicone3d\x64\debug\polyicone3d.tlog\cl.command.1.tlog
d:\documents\a18\log2410 conception logicielle\log2410\tp5\polyicone3d\x64\debug\polyicone3d.tlog\cl.read.1.tlog
d:\documents\a18\log2410 conception logicielle\log2410\tp5\polyicone3d\x64\debug\polyicone3d.tlog\cl.write.1.tlog
